<?xml version="1.0" encoding="UTF-8"?>
<!-- Generated by org.testng.reporters.JUnitXMLReporter -->
<testsuite hostname="Chrome" ignored="0" name="Default test" tests="27" failures="0" timestamp="02 Jan 2019 04:17:34 GMT" time="17.006" errors="0">
  <testcase name="task2" time="5.098" classname="TestCases.ExecuteTest"/>
  <testcase name="task2" time="4.462" classname="TestCases.ExecuteTest"/>
  <testcase name="task2" time="1.698" classname="TestCases.ExecuteTest"/>
  <testcase name="task2" time="0.101" classname="TestCases.ExecuteTest"/>
  <testcase name="task2" time="0.13" classname="TestCases.ExecuteTest"/>
  <testcase name="task2" time="0.12" classname="TestCases.ExecuteTest"/>
  <testcase name="task2" time="0.101" classname="TestCases.ExecuteTest"/>
  <testcase name="task2" time="0.107" classname="TestCases.ExecuteTest"/>
  <testcase name="task2" time="0.095" classname="TestCases.ExecuteTest"/>
  <testcase name="task2" time="0.112" classname="TestCases.ExecuteTest"/>
  <testcase name="task2" time="0.131" classname="TestCases.ExecuteTest"/>
  <testcase name="task2" time="0.109" classname="TestCases.ExecuteTest"/>
  <testcase name="task2" time="0.087" classname="TestCases.ExecuteTest"/>
  <testcase name="task2" time="0.892" classname="TestCases.ExecuteTest"/>
  <testcase name="task2" time="0.973" classname="TestCases.ExecuteTest"/>
  <testcase name="task2" time="0.051" classname="TestCases.ExecuteTest"/>
  <testcase name="task2" time="0.269" classname="TestCases.ExecuteTest"/>
  <testcase name="task2" time="0.068" classname="TestCases.ExecuteTest"/>
  <testcase name="task2" time="0.066" classname="TestCases.ExecuteTest"/>
  <testcase name="task2" time="0.064" classname="TestCases.ExecuteTest"/>
  <testcase name="task2" time="0.061" classname="TestCases.ExecuteTest"/>
  <testcase name="task2" time="0.066" classname="TestCases.ExecuteTest"/>
  <testcase name="task2" time="0.081" classname="TestCases.ExecuteTest"/>
  <testcase name="task2" time="0.121" classname="TestCases.ExecuteTest"/>
  <testcase name="task2" time="0.062" classname="TestCases.ExecuteTest"/>
  <testcase name="task2" time="0.071" classname="TestCases.ExecuteTest"/>
  <testcase name="task2" time="0.944" classname="TestCases.ExecuteTest"/>
</testsuite> <!-- Default test -->
