<?xml version="1.0" encoding="UTF-8"?>
<testng-results skipped="0" failed="0" ignored="0" total="27" passed="27">
  <reporter-output>
    <line>
      <![CDATA[User1Exists]]>
    </line>
    <line>
      <![CDATA[User2Exists]]>
    </line>
  </reporter-output>
  <suite name="Default suite" duration-ms="17006" started-at="2019-01-02T04:17:17Z" finished-at="2019-01-02T04:17:34Z">
    <groups>
    </groups>
    <test name="Default test" duration-ms="17006" started-at="2019-01-02T04:17:17Z" finished-at="2019-01-02T04:17:34Z">
      <class name="TestCases.ExecuteTest">
        <test-method status="PASS" signature="browserSetProperty()[pri:0, instance:TestCases.ExecuteTest@e25b2fe]" name="browserSetProperty" is-config="true" duration-ms="19" started-at="2019-01-02T04:17:17Z" finished-at="2019-01-02T04:17:17Z">
          <reporter-output>
          </reporter-output>
        </test-method> <!-- browserSetProperty -->
        <test-method status="PASS" signature="task2(java.lang.String, java.lang.String, java.lang.String, java.lang.String, java.lang.String)[pri:0, instance:TestCases.ExecuteTest@e25b2fe]" name="task2" duration-ms="5098" started-at="2019-01-02T04:17:18Z" data-provider="hybridData" finished-at="2019-01-02T04:17:23Z">
          <params>
            <param index="0">
              <value>
                <![CDATA[Add Users]]>
              </value>
            </param>
            <param index="1">
              <value>
                <![CDATA[]]>
              </value>
            </param>
            <param index="2">
              <value>
                <![CDATA[]]>
              </value>
            </param>
            <param index="3">
              <value>
                <![CDATA[]]>
              </value>
            </param>
            <param index="4">
              <value>
                <![CDATA[]]>
              </value>
            </param>
          </params>
          <reporter-output>
          </reporter-output>
        </test-method> <!-- task2 -->
        <test-method status="PASS" signature="task2(java.lang.String, java.lang.String, java.lang.String, java.lang.String, java.lang.String)[pri:0, instance:TestCases.ExecuteTest@e25b2fe]" name="task2" duration-ms="4462" started-at="2019-01-02T04:17:23Z" data-provider="hybridData" finished-at="2019-01-02T04:17:27Z">
          <params>
            <param index="0">
              <value>
                <![CDATA[]]>
              </value>
            </param>
            <param index="1">
              <value>
                <![CDATA[GOTOURL]]>
              </value>
            </param>
            <param index="2">
              <value>
                <![CDATA[]]>
              </value>
            </param>
            <param index="3">
              <value>
                <![CDATA[]]>
              </value>
            </param>
            <param index="4">
              <value>
                <![CDATA[url]]>
              </value>
            </param>
          </params>
          <reporter-output>
          </reporter-output>
        </test-method> <!-- task2 -->
        <test-method status="PASS" signature="task2(java.lang.String, java.lang.String, java.lang.String, java.lang.String, java.lang.String)[pri:0, instance:TestCases.ExecuteTest@e25b2fe]" name="task2" duration-ms="1698" started-at="2019-01-02T04:17:27Z" data-provider="hybridData" finished-at="2019-01-02T04:17:29Z">
          <params>
            <param index="0">
              <value>
                <![CDATA[]]>
              </value>
            </param>
            <param index="1">
              <value>
                <![CDATA[CHECKUSERNAME]]>
              </value>
            </param>
            <param index="2">
              <value>
                <![CDATA[userName]]>
              </value>
            </param>
            <param index="3">
              <value>
                <![CDATA[name]]>
              </value>
            </param>
            <param index="4">
              <value>
                <![CDATA[User1]]>
              </value>
            </param>
          </params>
          <reporter-output>
          </reporter-output>
        </test-method> <!-- task2 -->
        <test-method status="PASS" signature="task2(java.lang.String, java.lang.String, java.lang.String, java.lang.String, java.lang.String)[pri:0, instance:TestCases.ExecuteTest@e25b2fe]" name="task2" duration-ms="101" started-at="2019-01-02T04:17:29Z" data-provider="hybridData" finished-at="2019-01-02T04:17:29Z">
          <params>
            <param index="0">
              <value>
                <![CDATA[]]>
              </value>
            </param>
            <param index="1">
              <value>
                <![CDATA[CLICK]]>
              </value>
            </param>
            <param index="2">
              <value>
                <![CDATA[addUser]]>
              </value>
            </param>
            <param index="3">
              <value>
                <![CDATA[xpath]]>
              </value>
            </param>
            <param index="4">
              <value>
                <![CDATA[]]>
              </value>
            </param>
          </params>
          <reporter-output>
          </reporter-output>
        </test-method> <!-- task2 -->
        <test-method status="PASS" signature="task2(java.lang.String, java.lang.String, java.lang.String, java.lang.String, java.lang.String)[pri:0, instance:TestCases.ExecuteTest@e25b2fe]" name="task2" duration-ms="130" started-at="2019-01-02T04:17:29Z" data-provider="hybridData" finished-at="2019-01-02T04:17:29Z">
          <params>
            <param index="0">
              <value>
                <![CDATA[]]>
              </value>
            </param>
            <param index="1">
              <value>
                <![CDATA[SETTEXT]]>
              </value>
            </param>
            <param index="2">
              <value>
                <![CDATA[firstName]]>
              </value>
            </param>
            <param index="3">
              <value>
                <![CDATA[name]]>
              </value>
            </param>
            <param index="4">
              <value>
                <![CDATA[FName1]]>
              </value>
            </param>
          </params>
          <reporter-output>
          </reporter-output>
        </test-method> <!-- task2 -->
        <test-method status="PASS" signature="task2(java.lang.String, java.lang.String, java.lang.String, java.lang.String, java.lang.String)[pri:0, instance:TestCases.ExecuteTest@e25b2fe]" name="task2" duration-ms="120" started-at="2019-01-02T04:17:29Z" data-provider="hybridData" finished-at="2019-01-02T04:17:29Z">
          <params>
            <param index="0">
              <value>
                <![CDATA[]]>
              </value>
            </param>
            <param index="1">
              <value>
                <![CDATA[SETTEXT]]>
              </value>
            </param>
            <param index="2">
              <value>
                <![CDATA[lastName]]>
              </value>
            </param>
            <param index="3">
              <value>
                <![CDATA[name]]>
              </value>
            </param>
            <param index="4">
              <value>
                <![CDATA[LName1]]>
              </value>
            </param>
          </params>
          <reporter-output>
          </reporter-output>
        </test-method> <!-- task2 -->
        <test-method status="PASS" signature="task2(java.lang.String, java.lang.String, java.lang.String, java.lang.String, java.lang.String)[pri:0, instance:TestCases.ExecuteTest@e25b2fe]" name="task2" duration-ms="101" started-at="2019-01-02T04:17:29Z" data-provider="hybridData" finished-at="2019-01-02T04:17:29Z">
          <params>
            <param index="0">
              <value>
                <![CDATA[]]>
              </value>
            </param>
            <param index="1">
              <value>
                <![CDATA[SETTEXT]]>
              </value>
            </param>
            <param index="2">
              <value>
                <![CDATA[userName]]>
              </value>
            </param>
            <param index="3">
              <value>
                <![CDATA[name]]>
              </value>
            </param>
            <param index="4">
              <value>
                <![CDATA[User1]]>
              </value>
            </param>
          </params>
          <reporter-output>
          </reporter-output>
        </test-method> <!-- task2 -->
        <test-method status="PASS" signature="task2(java.lang.String, java.lang.String, java.lang.String, java.lang.String, java.lang.String)[pri:0, instance:TestCases.ExecuteTest@e25b2fe]" name="task2" duration-ms="107" started-at="2019-01-02T04:17:29Z" data-provider="hybridData" finished-at="2019-01-02T04:17:30Z">
          <params>
            <param index="0">
              <value>
                <![CDATA[]]>
              </value>
            </param>
            <param index="1">
              <value>
                <![CDATA[SETTEXT]]>
              </value>
            </param>
            <param index="2">
              <value>
                <![CDATA[password]]>
              </value>
            </param>
            <param index="3">
              <value>
                <![CDATA[name]]>
              </value>
            </param>
            <param index="4">
              <value>
                <![CDATA[Pass1]]>
              </value>
            </param>
          </params>
          <reporter-output>
          </reporter-output>
        </test-method> <!-- task2 -->
        <test-method status="PASS" signature="task2(java.lang.String, java.lang.String, java.lang.String, java.lang.String, java.lang.String)[pri:0, instance:TestCases.ExecuteTest@e25b2fe]" name="task2" duration-ms="95" started-at="2019-01-02T04:17:30Z" data-provider="hybridData" finished-at="2019-01-02T04:17:30Z">
          <params>
            <param index="0">
              <value>
                <![CDATA[]]>
              </value>
            </param>
            <param index="1">
              <value>
                <![CDATA[SELECTCUSTOMER]]>
              </value>
            </param>
            <param index="2">
              <value>
                <![CDATA[]]>
              </value>
            </param>
            <param index="3">
              <value>
                <![CDATA[]]>
              </value>
            </param>
            <param index="4">
              <value>
                <![CDATA[Company AAA]]>
              </value>
            </param>
          </params>
          <reporter-output>
          </reporter-output>
        </test-method> <!-- task2 -->
        <test-method status="PASS" signature="task2(java.lang.String, java.lang.String, java.lang.String, java.lang.String, java.lang.String)[pri:0, instance:TestCases.ExecuteTest@e25b2fe]" name="task2" duration-ms="112" started-at="2019-01-02T04:17:30Z" data-provider="hybridData" finished-at="2019-01-02T04:17:30Z">
          <params>
            <param index="0">
              <value>
                <![CDATA[]]>
              </value>
            </param>
            <param index="1">
              <value>
                <![CDATA[SELECTROLE]]>
              </value>
            </param>
            <param index="2">
              <value>
                <![CDATA[role]]>
              </value>
            </param>
            <param index="3">
              <value>
                <![CDATA[xpath]]>
              </value>
            </param>
            <param index="4">
              <value>
                <![CDATA[Admin]]>
              </value>
            </param>
          </params>
          <reporter-output>
          </reporter-output>
        </test-method> <!-- task2 -->
        <test-method status="PASS" signature="task2(java.lang.String, java.lang.String, java.lang.String, java.lang.String, java.lang.String)[pri:0, instance:TestCases.ExecuteTest@e25b2fe]" name="task2" duration-ms="131" started-at="2019-01-02T04:17:30Z" data-provider="hybridData" finished-at="2019-01-02T04:17:30Z">
          <params>
            <param index="0">
              <value>
                <![CDATA[]]>
              </value>
            </param>
            <param index="1">
              <value>
                <![CDATA[SETTEXT]]>
              </value>
            </param>
            <param index="2">
              <value>
                <![CDATA[email]]>
              </value>
            </param>
            <param index="3">
              <value>
                <![CDATA[name]]>
              </value>
            </param>
            <param index="4">
              <value>
                <![CDATA[admin@mail.com]]>
              </value>
            </param>
          </params>
          <reporter-output>
          </reporter-output>
        </test-method> <!-- task2 -->
        <test-method status="PASS" signature="task2(java.lang.String, java.lang.String, java.lang.String, java.lang.String, java.lang.String)[pri:0, instance:TestCases.ExecuteTest@e25b2fe]" name="task2" duration-ms="109" started-at="2019-01-02T04:17:30Z" data-provider="hybridData" finished-at="2019-01-02T04:17:30Z">
          <params>
            <param index="0">
              <value>
                <![CDATA[]]>
              </value>
            </param>
            <param index="1">
              <value>
                <![CDATA[SETTEXT]]>
              </value>
            </param>
            <param index="2">
              <value>
                <![CDATA[cell]]>
              </value>
            </param>
            <param index="3">
              <value>
                <![CDATA[name]]>
              </value>
            </param>
            <param index="4">
              <value>
                <![CDATA[82555]]>
              </value>
            </param>
          </params>
          <reporter-output>
          </reporter-output>
        </test-method> <!-- task2 -->
        <test-method status="PASS" signature="task2(java.lang.String, java.lang.String, java.lang.String, java.lang.String, java.lang.String)[pri:0, instance:TestCases.ExecuteTest@e25b2fe]" name="task2" duration-ms="87" started-at="2019-01-02T04:17:30Z" data-provider="hybridData" finished-at="2019-01-02T04:17:30Z">
          <params>
            <param index="0">
              <value>
                <![CDATA[]]>
              </value>
            </param>
            <param index="1">
              <value>
                <![CDATA[CLICK]]>
              </value>
            </param>
            <param index="2">
              <value>
                <![CDATA[saveButton]]>
              </value>
            </param>
            <param index="3">
              <value>
                <![CDATA[xpath]]>
              </value>
            </param>
            <param index="4">
              <value>
                <![CDATA[]]>
              </value>
            </param>
          </params>
          <reporter-output>
          </reporter-output>
        </test-method> <!-- task2 -->
        <test-method status="PASS" signature="task2(java.lang.String, java.lang.String, java.lang.String, java.lang.String, java.lang.String)[pri:0, instance:TestCases.ExecuteTest@e25b2fe]" name="task2" duration-ms="892" started-at="2019-01-02T04:17:30Z" data-provider="hybridData" finished-at="2019-01-02T04:17:31Z">
          <params>
            <param index="0">
              <value>
                <![CDATA[]]>
              </value>
            </param>
            <param index="1">
              <value>
                <![CDATA[VERIFYUSER]]>
              </value>
            </param>
            <param index="2">
              <value>
                <![CDATA[]]>
              </value>
            </param>
            <param index="3">
              <value>
                <![CDATA[]]>
              </value>
            </param>
            <param index="4">
              <value>
                <![CDATA[User1]]>
              </value>
            </param>
          </params>
          <reporter-output>
            <line>
              <![CDATA[User1Exists]]>
            </line>
          </reporter-output>
        </test-method> <!-- task2 -->
        <test-method status="PASS" signature="task2(java.lang.String, java.lang.String, java.lang.String, java.lang.String, java.lang.String)[pri:0, instance:TestCases.ExecuteTest@e25b2fe]" name="task2" duration-ms="973" started-at="2019-01-02T04:17:31Z" data-provider="hybridData" finished-at="2019-01-02T04:17:32Z">
          <params>
            <param index="0">
              <value>
                <![CDATA[]]>
              </value>
            </param>
            <param index="1">
              <value>
                <![CDATA[CHECKUSERNAME]]>
              </value>
            </param>
            <param index="2">
              <value>
                <![CDATA[userName]]>
              </value>
            </param>
            <param index="3">
              <value>
                <![CDATA[name]]>
              </value>
            </param>
            <param index="4">
              <value>
                <![CDATA[User2]]>
              </value>
            </param>
          </params>
          <reporter-output>
          </reporter-output>
        </test-method> <!-- task2 -->
        <test-method status="PASS" signature="task2(java.lang.String, java.lang.String, java.lang.String, java.lang.String, java.lang.String)[pri:0, instance:TestCases.ExecuteTest@e25b2fe]" name="task2" duration-ms="51" started-at="2019-01-02T04:17:32Z" data-provider="hybridData" finished-at="2019-01-02T04:17:32Z">
          <params>
            <param index="0">
              <value>
                <![CDATA[]]>
              </value>
            </param>
            <param index="1">
              <value>
                <![CDATA[CLICK]]>
              </value>
            </param>
            <param index="2">
              <value>
                <![CDATA[addUser]]>
              </value>
            </param>
            <param index="3">
              <value>
                <![CDATA[xpath]]>
              </value>
            </param>
            <param index="4">
              <value>
                <![CDATA[]]>
              </value>
            </param>
          </params>
          <reporter-output>
          </reporter-output>
        </test-method> <!-- task2 -->
        <test-method status="PASS" signature="task2(java.lang.String, java.lang.String, java.lang.String, java.lang.String, java.lang.String)[pri:0, instance:TestCases.ExecuteTest@e25b2fe]" name="task2" duration-ms="269" started-at="2019-01-02T04:17:32Z" data-provider="hybridData" finished-at="2019-01-02T04:17:32Z">
          <params>
            <param index="0">
              <value>
                <![CDATA[]]>
              </value>
            </param>
            <param index="1">
              <value>
                <![CDATA[CLEAR]]>
              </value>
            </param>
            <param index="2">
              <value>
                <![CDATA[]]>
              </value>
            </param>
            <param index="3">
              <value>
                <![CDATA[]]>
              </value>
            </param>
            <param index="4">
              <value>
                <![CDATA[]]>
              </value>
            </param>
          </params>
          <reporter-output>
          </reporter-output>
        </test-method> <!-- task2 -->
        <test-method status="PASS" signature="task2(java.lang.String, java.lang.String, java.lang.String, java.lang.String, java.lang.String)[pri:0, instance:TestCases.ExecuteTest@e25b2fe]" name="task2" duration-ms="68" started-at="2019-01-02T04:17:32Z" data-provider="hybridData" finished-at="2019-01-02T04:17:32Z">
          <params>
            <param index="0">
              <value>
                <![CDATA[]]>
              </value>
            </param>
            <param index="1">
              <value>
                <![CDATA[SETTEXT]]>
              </value>
            </param>
            <param index="2">
              <value>
                <![CDATA[firstName]]>
              </value>
            </param>
            <param index="3">
              <value>
                <![CDATA[name]]>
              </value>
            </param>
            <param index="4">
              <value>
                <![CDATA[FName2]]>
              </value>
            </param>
          </params>
          <reporter-output>
          </reporter-output>
        </test-method> <!-- task2 -->
        <test-method status="PASS" signature="task2(java.lang.String, java.lang.String, java.lang.String, java.lang.String, java.lang.String)[pri:0, instance:TestCases.ExecuteTest@e25b2fe]" name="task2" duration-ms="66" started-at="2019-01-02T04:17:32Z" data-provider="hybridData" finished-at="2019-01-02T04:17:32Z">
          <params>
            <param index="0">
              <value>
                <![CDATA[]]>
              </value>
            </param>
            <param index="1">
              <value>
                <![CDATA[SETTEXT]]>
              </value>
            </param>
            <param index="2">
              <value>
                <![CDATA[lastName]]>
              </value>
            </param>
            <param index="3">
              <value>
                <![CDATA[name]]>
              </value>
            </param>
            <param index="4">
              <value>
                <![CDATA[LName2]]>
              </value>
            </param>
          </params>
          <reporter-output>
          </reporter-output>
        </test-method> <!-- task2 -->
        <test-method status="PASS" signature="task2(java.lang.String, java.lang.String, java.lang.String, java.lang.String, java.lang.String)[pri:0, instance:TestCases.ExecuteTest@e25b2fe]" name="task2" duration-ms="64" started-at="2019-01-02T04:17:32Z" data-provider="hybridData" finished-at="2019-01-02T04:17:32Z">
          <params>
            <param index="0">
              <value>
                <![CDATA[]]>
              </value>
            </param>
            <param index="1">
              <value>
                <![CDATA[SETTEXT]]>
              </value>
            </param>
            <param index="2">
              <value>
                <![CDATA[userName]]>
              </value>
            </param>
            <param index="3">
              <value>
                <![CDATA[name]]>
              </value>
            </param>
            <param index="4">
              <value>
                <![CDATA[User2]]>
              </value>
            </param>
          </params>
          <reporter-output>
          </reporter-output>
        </test-method> <!-- task2 -->
        <test-method status="PASS" signature="task2(java.lang.String, java.lang.String, java.lang.String, java.lang.String, java.lang.String)[pri:0, instance:TestCases.ExecuteTest@e25b2fe]" name="task2" duration-ms="61" started-at="2019-01-02T04:17:32Z" data-provider="hybridData" finished-at="2019-01-02T04:17:33Z">
          <params>
            <param index="0">
              <value>
                <![CDATA[]]>
              </value>
            </param>
            <param index="1">
              <value>
                <![CDATA[SETTEXT]]>
              </value>
            </param>
            <param index="2">
              <value>
                <![CDATA[password]]>
              </value>
            </param>
            <param index="3">
              <value>
                <![CDATA[name]]>
              </value>
            </param>
            <param index="4">
              <value>
                <![CDATA[Pass2]]>
              </value>
            </param>
          </params>
          <reporter-output>
          </reporter-output>
        </test-method> <!-- task2 -->
        <test-method status="PASS" signature="task2(java.lang.String, java.lang.String, java.lang.String, java.lang.String, java.lang.String)[pri:0, instance:TestCases.ExecuteTest@e25b2fe]" name="task2" duration-ms="66" started-at="2019-01-02T04:17:33Z" data-provider="hybridData" finished-at="2019-01-02T04:17:33Z">
          <params>
            <param index="0">
              <value>
                <![CDATA[]]>
              </value>
            </param>
            <param index="1">
              <value>
                <![CDATA[SELECTCUSTOMER]]>
              </value>
            </param>
            <param index="2">
              <value>
                <![CDATA[]]>
              </value>
            </param>
            <param index="3">
              <value>
                <![CDATA[]]>
              </value>
            </param>
            <param index="4">
              <value>
                <![CDATA[Company BBB]]>
              </value>
            </param>
          </params>
          <reporter-output>
          </reporter-output>
        </test-method> <!-- task2 -->
        <test-method status="PASS" signature="task2(java.lang.String, java.lang.String, java.lang.String, java.lang.String, java.lang.String)[pri:0, instance:TestCases.ExecuteTest@e25b2fe]" name="task2" duration-ms="81" started-at="2019-01-02T04:17:33Z" data-provider="hybridData" finished-at="2019-01-02T04:17:33Z">
          <params>
            <param index="0">
              <value>
                <![CDATA[]]>
              </value>
            </param>
            <param index="1">
              <value>
                <![CDATA[SELECTROLE]]>
              </value>
            </param>
            <param index="2">
              <value>
                <![CDATA[role]]>
              </value>
            </param>
            <param index="3">
              <value>
                <![CDATA[xpath]]>
              </value>
            </param>
            <param index="4">
              <value>
                <![CDATA[Customer]]>
              </value>
            </param>
          </params>
          <reporter-output>
          </reporter-output>
        </test-method> <!-- task2 -->
        <test-method status="PASS" signature="task2(java.lang.String, java.lang.String, java.lang.String, java.lang.String, java.lang.String)[pri:0, instance:TestCases.ExecuteTest@e25b2fe]" name="task2" duration-ms="121" started-at="2019-01-02T04:17:33Z" data-provider="hybridData" finished-at="2019-01-02T04:17:33Z">
          <params>
            <param index="0">
              <value>
                <![CDATA[]]>
              </value>
            </param>
            <param index="1">
              <value>
                <![CDATA[SETTEXT]]>
              </value>
            </param>
            <param index="2">
              <value>
                <![CDATA[email]]>
              </value>
            </param>
            <param index="3">
              <value>
                <![CDATA[name]]>
              </value>
            </param>
            <param index="4">
              <value>
                <![CDATA[customer@mail.com]]>
              </value>
            </param>
          </params>
          <reporter-output>
          </reporter-output>
        </test-method> <!-- task2 -->
        <test-method status="PASS" signature="task2(java.lang.String, java.lang.String, java.lang.String, java.lang.String, java.lang.String)[pri:0, instance:TestCases.ExecuteTest@e25b2fe]" name="task2" duration-ms="62" started-at="2019-01-02T04:17:33Z" data-provider="hybridData" finished-at="2019-01-02T04:17:33Z">
          <params>
            <param index="0">
              <value>
                <![CDATA[]]>
              </value>
            </param>
            <param index="1">
              <value>
                <![CDATA[SETTEXT]]>
              </value>
            </param>
            <param index="2">
              <value>
                <![CDATA[cell]]>
              </value>
            </param>
            <param index="3">
              <value>
                <![CDATA[name]]>
              </value>
            </param>
            <param index="4">
              <value>
                <![CDATA[083444]]>
              </value>
            </param>
          </params>
          <reporter-output>
          </reporter-output>
        </test-method> <!-- task2 -->
        <test-method status="PASS" signature="task2(java.lang.String, java.lang.String, java.lang.String, java.lang.String, java.lang.String)[pri:0, instance:TestCases.ExecuteTest@e25b2fe]" name="task2" duration-ms="71" started-at="2019-01-02T04:17:33Z" data-provider="hybridData" finished-at="2019-01-02T04:17:33Z">
          <params>
            <param index="0">
              <value>
                <![CDATA[]]>
              </value>
            </param>
            <param index="1">
              <value>
                <![CDATA[CLICK]]>
              </value>
            </param>
            <param index="2">
              <value>
                <![CDATA[saveButton]]>
              </value>
            </param>
            <param index="3">
              <value>
                <![CDATA[xpath]]>
              </value>
            </param>
            <param index="4">
              <value>
                <![CDATA[]]>
              </value>
            </param>
          </params>
          <reporter-output>
          </reporter-output>
        </test-method> <!-- task2 -->
        <test-method status="PASS" signature="task2(java.lang.String, java.lang.String, java.lang.String, java.lang.String, java.lang.String)[pri:0, instance:TestCases.ExecuteTest@e25b2fe]" name="task2" duration-ms="944" started-at="2019-01-02T04:17:33Z" data-provider="hybridData" finished-at="2019-01-02T04:17:34Z">
          <params>
            <param index="0">
              <value>
                <![CDATA[]]>
              </value>
            </param>
            <param index="1">
              <value>
                <![CDATA[VERIFYUSER]]>
              </value>
            </param>
            <param index="2">
              <value>
                <![CDATA[]]>
              </value>
            </param>
            <param index="3">
              <value>
                <![CDATA[]]>
              </value>
            </param>
            <param index="4">
              <value>
                <![CDATA[User2]]>
              </value>
            </param>
          </params>
          <reporter-output>
            <line>
              <![CDATA[User2Exists]]>
            </line>
          </reporter-output>
        </test-method> <!-- task2 -->
      </class> <!-- TestCases.ExecuteTest -->
    </test> <!-- Default test -->
  </suite> <!-- Default suite -->
</testng-results>
